<?xml version="1.0" encoding="UTF-8"?>
<!-- Generated by org.testng.reporters.JUnitXMLReporter -->
<testsuite hostname="CNHQ-07075929N" ignored="0" name="thread1" tests="3" failures="0" timestamp="19 十月 2018 07:49:45 GMT" time="0.046" errors="0">
  <testcase name="test1" time="0.011" classname="com.course.testng.mutithread.ThreadTestXml"/>
  <testcase name="test2" time="0.002" classname="com.course.testng.mutithread.ThreadTestXml"/>
  <testcase name="test3" time="0.002" classname="com.course.testng.mutithread.ThreadTestXml"/>
</testsuite> <!-- thread1 -->
