<?xml version="1.0" encoding="UTF-8"?>
<!-- Generated by org.testng.reporters.JUnitXMLReporter -->
<testsuite hostname="CNHQ-07075929N" ignored="0" name="Default test" tests="10" failures="0" timestamp="19 十月 2018 07:20:08 GMT" time="0.063" errors="0">
  <testcase name="test1" time="0.013" classname="com.course.testng.mutithread.ThreadTestAnotation"/>
  <testcase name="test1" time="0.013" classname="com.course.testng.mutithread.ThreadTestAnotation"/>
  <testcase name="test1" time="0.013" classname="com.course.testng.mutithread.ThreadTestAnotation"/>
  <testcase name="test1" time="0.014" classname="com.course.testng.mutithread.ThreadTestAnotation"/>
  <testcase name="test1" time="0.014" classname="com.course.testng.mutithread.ThreadTestAnotation"/>
  <testcase name="test1" time="0.002" classname="com.course.testng.mutithread.ThreadTestAnotation"/>
  <testcase name="test1" time="0.004" classname="com.course.testng.mutithread.ThreadTestAnotation"/>
  <testcase name="test1" time="0.008" classname="com.course.testng.mutithread.ThreadTestAnotation"/>
  <testcase name="test1" time="0.011" classname="com.course.testng.mutithread.ThreadTestAnotation"/>
  <testcase name="test1" time="0.009" classname="com.course.testng.mutithread.ThreadTestAnotation"/>
</testsuite> <!-- Default test -->
