<?xml version="1.0" encoding="UTF-8"?>
<!-- Generated by org.testng.reporters.JUnitXMLReporter -->
<testsuite hostname="CNHQ-07075929N" ignored="0" name="Default test" tests="2" failures="0" timestamp="01 十一月 2018 08:39:44 GMT" time="0.614" errors="0">
  <testcase name="getCookies" time="0.557" classname="com.course.httpclient.cookies.TestHttpForPost"/>
  <testcase name="requestWithPostCookies" time="0.021" classname="com.course.httpclient.cookies.TestHttpForPost"/>
</testsuite> <!-- Default test -->
