<?xml version="1.0" encoding="UTF-8"?>
<!-- Generated by org.testng.reporters.JUnitXMLReporter -->
<testsuite hostname="CNHQ-07075929N" ignored="0" name="login" tests="6" failures="0" timestamp="18 十月 2018 09:30:37 GMT" time="0.072" errors="0">
  <testcase name="stu1" time="0.011" classname="com.course.testng.suit.groups.GroupsOnClass1"/>
  <testcase name="stu2" time="0.002" classname="com.course.testng.suit.groups.GroupsOnClass1"/>
  <testcase name="stu1" time="0.002" classname="com.course.testng.suit.groups.GroupsOnClass2"/>
  <testcase name="stu2" time="0.001" classname="com.course.testng.suit.groups.GroupsOnClass2"/>
  <testcase name="teacher1" time="0.002" classname="com.course.testng.suit.groups.GroupsOnClass3"/>
  <testcase name="teacher2" time="0.001" classname="com.course.testng.suit.groups.GroupsOnClass3"/>
</testsuite> <!-- login -->
