<?xml version="1.0" encoding="UTF-8"?>
<!-- Generated by org.testng.reporters.JUnitXMLReporter -->
<testsuite hostname="CNHQ-07075929N" ignored="4" name="runStuONly" tests="2" failures="0" timestamp="18 十月 2018 09:34:17 GMT" time="0.034" errors="0">
  <testcase name="teacher1" time="0.01" classname="com.course.testng.suit.groups.GroupsOnClass3"/>
  <testcase name="teacher2" time="0.002" classname="com.course.testng.suit.groups.GroupsOnClass3"/>
  <testcase name="stu1" time="0.0" classname="com.course.testng.suit.groups.GroupsOnClass2">
    <ignored/>
  </testcase> <!-- stu1 -->
  <testcase name="stu2" time="0.0" classname="com.course.testng.suit.groups.GroupsOnClass2">
    <ignored/>
  </testcase> <!-- stu2 -->
  <testcase name="stu2" time="0.0" classname="com.course.testng.suit.groups.GroupsOnClass1">
    <ignored/>
  </testcase> <!-- stu2 -->
  <testcase name="stu1" time="0.0" classname="com.course.testng.suit.groups.GroupsOnClass1">
    <ignored/>
  </testcase> <!-- stu1 -->
</testsuite> <!-- runStuONly -->
