<?xml version="1.0" encoding="UTF-8"?>
<testng-results skipped="0" failed="0" ignored="0" total="6" passed="6">
  <reporter-output>
  </reporter-output>
  <suite name="threads" duration-ms="100" started-at="2018-10-19T07:49:45Z" finished-at="2018-10-19T07:49:45Z">
    <groups>
    </groups>
    <test name="thread1" duration-ms="46" started-at="2018-10-19T07:49:45Z" finished-at="2018-10-19T07:49:45Z">
      <class name="com.course.testng.mutithread.ThreadTestXml">
        <test-method status="PASS" signature="test1()[pri:0, instance:com.course.testng.mutithread.ThreadTestXml@58651fd0]" name="test1" duration-ms="11" started-at="2018-10-19T07:49:45Z" finished-at="2018-10-19T07:49:45Z">
          <reporter-output>
          </reporter-output>
        </test-method> <!-- test1 -->
        <test-method status="PASS" signature="test2()[pri:0, instance:com.course.testng.mutithread.ThreadTestXml@58651fd0]" name="test2" duration-ms="2" started-at="2018-10-19T07:49:45Z" finished-at="2018-10-19T07:49:45Z">
          <reporter-output>
          </reporter-output>
        </test-method> <!-- test2 -->
        <test-method status="PASS" signature="test3()[pri:0, instance:com.course.testng.mutithread.ThreadTestXml@58651fd0]" name="test3" duration-ms="2" started-at="2018-10-19T07:49:45Z" finished-at="2018-10-19T07:49:45Z">
          <reporter-output>
          </reporter-output>
        </test-method> <!-- test3 -->
      </class> <!-- com.course.testng.mutithread.ThreadTestXml -->
    </test> <!-- thread1 -->
    <test name="thread2" duration-ms="13" started-at="2018-10-19T07:49:45Z" finished-at="2018-10-19T07:49:45Z">
      <class name="com.course.testng.mutithread.ThreadTestXml">
        <test-method status="PASS" signature="test1()[pri:0, instance:com.course.testng.mutithread.ThreadTestXml@59fa1d9b]" name="test1" duration-ms="1" started-at="2018-10-19T07:49:45Z" finished-at="2018-10-19T07:49:45Z">
          <reporter-output>
          </reporter-output>
        </test-method> <!-- test1 -->
        <test-method status="PASS" signature="test2()[pri:0, instance:com.course.testng.mutithread.ThreadTestXml@59fa1d9b]" name="test2" duration-ms="1" started-at="2018-10-19T07:49:45Z" finished-at="2018-10-19T07:49:45Z">
          <reporter-output>
          </reporter-output>
        </test-method> <!-- test2 -->
        <test-method status="PASS" signature="test3()[pri:0, instance:com.course.testng.mutithread.ThreadTestXml@59fa1d9b]" name="test3" duration-ms="2" started-at="2018-10-19T07:49:45Z" finished-at="2018-10-19T07:49:45Z">
          <reporter-output>
          </reporter-output>
        </test-method> <!-- test3 -->
      </class> <!-- com.course.testng.mutithread.ThreadTestXml -->
    </test> <!-- thread2 -->
  </suite> <!-- threads -->
</testng-results>
